0 info it worked if it ends with ok
1 verbose cli [ '/usr/local/bin/node',
1 verbose cli   '/usr/local/bin/npm',
1 verbose cli   'install',
1 verbose cli   '-g',
1 verbose cli   'ios-sim' ]
2 info using npm@3.3.6
3 info using node@v5.0.0
4 silly loadCurrentTree Starting
5 silly install loadCurrentTree
6 silly install readGlobalPackageData
7 silly fetchPackageMetaData ios-sim
8 silly fetchNamedPackageData ios-sim
9 silly mapToRegistry name ios-sim
10 silly mapToRegistry using default registry
11 silly mapToRegistry registry https://registry.npmjs.org/
12 silly mapToRegistry uri https://registry.npmjs.org/ios-sim
13 verbose request uri https://registry.npmjs.org/ios-sim
14 verbose request no auth needed
15 info attempt registry request try #1 at 1:59:37 PM
16 verbose request id 17204a3fc4dd1cd3
17 http request GET https://registry.npmjs.org/ios-sim
18 http 200 https://registry.npmjs.org/ios-sim
19 verbose headers { server: 'CouchDB/1.5.0 (Erlang OTP/R16B03)',
19 verbose headers   etag: '"7HWV6SP011Y19FMXDY2LORDTJ"',
19 verbose headers   'content-type': 'application/json',
19 verbose headers   'cache-control': 'max-age=60',
19 verbose headers   'content-length': '22739',
19 verbose headers   'accept-ranges': 'bytes',
19 verbose headers   date: 'Sun, 08 Nov 2015 18:59:35 GMT',
19 verbose headers   via: '1.1 varnish',
19 verbose headers   age: '0',
19 verbose headers   connection: 'keep-alive',
19 verbose headers   'x-served-by': 'cache-ord1724-ORD',
19 verbose headers   'x-cache': 'HIT',
19 verbose headers   'x-cache-hits': '1',
19 verbose headers   'x-timer': 'S1447009175.742677,VS0,VE74',
19 verbose headers   vary: 'Accept' }
20 silly get cb [ 200,
20 silly get   { server: 'CouchDB/1.5.0 (Erlang OTP/R16B03)',
20 silly get     etag: '"7HWV6SP011Y19FMXDY2LORDTJ"',
20 silly get     'content-type': 'application/json',
20 silly get     'cache-control': 'max-age=60',
20 silly get     'content-length': '22739',
20 silly get     'accept-ranges': 'bytes',
20 silly get     date: 'Sun, 08 Nov 2015 18:59:35 GMT',
20 silly get     via: '1.1 varnish',
20 silly get     age: '0',
20 silly get     connection: 'keep-alive',
20 silly get     'x-served-by': 'cache-ord1724-ORD',
20 silly get     'x-cache': 'HIT',
20 silly get     'x-cache-hits': '1',
20 silly get     'x-timer': 'S1447009175.742677,VS0,VE74',
20 silly get     vary: 'Accept' } ]
21 verbose get saving ios-sim to /home/colan/.npm/registry.npmjs.org/ios-sim/.cache.json
22 silly install normalizeTree
23 silly loadCurrentTree Finishing
24 silly loadIdealTree Starting
25 silly install loadIdealTree
26 silly cloneCurrentTree Starting
27 silly install cloneCurrentTreeToIdealTree
28 silly cloneCurrentTree Finishing
29 silly loadShrinkwrap Starting
30 silly install loadShrinkwrap
31 silly loadShrinkwrap Finishing
32 silly loadAllDepsIntoIdealTree Starting
33 silly install loadAllDepsIntoIdealTree
34 silly rollbackFailedOptional Starting
35 silly rollbackFailedOptional Finishing
36 silly runTopLevelLifecycles Starting
37 silly runTopLevelLifecycles Finishing
38 silly install printInstalled
39 verbose stack Error: Unsupported
39 verbose stack     at checkPlatform (/usr/local/lib/node_modules/npm/node_modules/npm-install-checks/index.js:46:14)
39 verbose stack     at Array.<anonymous> (/usr/local/lib/node_modules/npm/node_modules/slide/lib/bind-actor.js:15:8)
39 verbose stack     at LOOP (/usr/local/lib/node_modules/npm/node_modules/slide/lib/chain.js:15:14)
39 verbose stack     at /usr/local/lib/node_modules/npm/node_modules/slide/lib/chain.js:18:7
39 verbose stack     at checkEngine (/usr/local/lib/node_modules/npm/node_modules/npm-install-checks/index.js:25:10)
39 verbose stack     at Array.<anonymous> (/usr/local/lib/node_modules/npm/node_modules/slide/lib/bind-actor.js:15:8)
39 verbose stack     at LOOP (/usr/local/lib/node_modules/npm/node_modules/slide/lib/chain.js:15:14)
39 verbose stack     at chain (/usr/local/lib/node_modules/npm/node_modules/slide/lib/chain.js:20:5)
39 verbose stack     at module.exports.isInstallable (/usr/local/lib/node_modules/npm/lib/install/validate-args.js:26:3)
39 verbose stack     at Array.<anonymous> (/usr/local/lib/node_modules/npm/node_modules/slide/lib/bind-actor.js:15:8)
40 verbose pkgid ios-sim@5.0.3
41 verbose cwd /home/Developer/nodeapps/fishtrackerionic
42 error Linux 3.16.0-34-generic
43 error argv "/usr/local/bin/node" "/usr/local/bin/npm" "install" "-g" "ios-sim"
44 error node v5.0.0
45 error npm  v3.3.6
46 error code EBADPLATFORM
47 error notsup Unsupported
47 error notsup Not compatible with your operating system or architecture: ios-sim@5.0.3
47 error notsup Valid OS:    darwin
47 error notsup Valid Arch:  any
47 error notsup Actual OS:   linux
47 error notsup Actual Arch: x64
48 verbose exit [ 1, true ]
